<?xml version="1.0" encoding="UTF-8"?>
<!-- Generated by org.testng.reporters.JUnitReportReporter -->
<testsuite hostname="ZNL-PRDQ-156" failures="0" tests="7" name="day01_10.Countexa" time="0.018" errors="0" timestamp="2024-10-02T10:23:12 IST" skipped="0">
  <testcase classname="day01_10.Countexa" name="example" time="0.011"/>
  <system-out/>
  <testcase classname="day01_10.Countexa" name="example" time="0.001"/>
  <system-out/>
  <testcase classname="day01_10.Countexa" name="example" time="0.001"/>
  <system-out/>
  <testcase classname="day01_10.Countexa" name="example1" time="0.002"/>
  <system-out/>
  <testcase classname="day01_10.Countexa" name="example1" time="0.001"/>
  <system-out/>
  <testcase classname="day01_10.Countexa" name="example1" time="0.001"/>
  <system-out/>
  <testcase classname="day01_10.Countexa" name="example1" time="0.001"/>
  <system-out/>
</testsuite> <!-- day01_10.Countexa -->
