<?xml version="1.0" encoding="UTF-8"?>
<!-- Generated by org.testng.reporters.JUnitReportReporter -->
<testsuite hostname="ZNL-PRDQ-156" failures="0" tests="3" name="day27_09.sample" time="0.013" errors="0" timestamp="2024-09-30T17:41:01 IST" skipped="0">
  <testcase classname="day27_09.sample" name="testcase1" time="0.011"/>
  <system-out/>
  <testcase classname="day27_09.sample" name="testcase3" time="0.001"/>
  <system-out/>
  <testcase classname="day27_09.sample" name="testcase2" time="0.001"/>
  <system-out/>
</testsuite> <!-- day27_09.sample -->
