<?xml version="1.0" encoding="UTF-8"?>
<!-- Generated by org.testng.reporters.JUnitReportReporter -->
<testsuite hostname="ZNL-PRDQ-156" failures="0" tests="2" name="day30_09.Annotationexa" time="0.023" errors="0" timestamp="2024-10-01T20:29:16 IST" skipped="0">
  <testcase classname="day30_09.Annotationexa" name="test1" time="0.020"/>
  <system-out/>
  <testcase classname="day30_09.Annotationexa" name="test2" time="0.003"/>
  <system-out/>
</testsuite> <!-- day30_09.Annotationexa -->
