<?xml version="1.0" encoding="UTF-8"?>
<!-- Generated by org.testng.reporters.JUnitReportReporter -->
<testsuite hostname="ZNL-PRDQ-156" failures="0" tests="2" name="day01_10.Dataproviderexample1" time="18.702" errors="0" timestamp="2024-10-03T15:04:34 IST" skipped="0">
  <testcase classname="day01_10.Dataproviderexample1" name="loginpage" time="6.779"/>
  <system-out/>
  <testcase classname="day01_10.Dataproviderexample1" name="loginpage" time="11.923"/>
  <system-out/>
</testsuite> <!-- day01_10.Dataproviderexample1 -->
