<?xml version="1.0" encoding="UTF-8"?>
<!-- Generated by org.testng.reporters.JUnitReportReporter -->
<testsuite hostname="ZNL-PRDQ-156" failures="0" tests="2" name="day01_10.GROUPING" time="0.010" errors="0" timestamp="2024-10-02T10:17:21 IST" skipped="0">
  <testcase classname="day01_10.GROUPING" name="test2" time="0.009"/>
  <system-out/>
  <testcase classname="day01_10.GROUPING" name="test4" time="0.001"/>
  <system-out/>
</testsuite> <!-- day01_10.GROUPING -->
