<?xml version="1.0" encoding="UTF-8"?>
<!-- Generated by org.testng.reporters.JUnitReportReporter -->
<testsuite hostname="ZNL-PRDQ-156" failures="0" tests="5" name="Automationproject.OrangeHRM" time="24.153" errors="0" timestamp="2024-11-10T16:55:13 IST" skipped="0">
  <testcase classname="Automationproject.OrangeHRM" name="login" time="3.526"/>
  <system-out/>
  <testcase classname="Automationproject.OrangeHRM" name="personaldetails" time="9.635"/>
  <system-out/>
  <testcase classname="Automationproject.OrangeHRM" name="customfield" time="2.592"/>
  <system-out/>
  <testcase classname="Automationproject.OrangeHRM" name="addattachment" time="6.841"/>
  <system-out/>
  <testcase classname="Automationproject.OrangeHRM" name="logput" time="1.559"/>
  <system-out/>
</testsuite> <!-- Automationproject.OrangeHRM -->
