<?xml version="1.0" encoding="UTF-8"?>
<!-- Generated by org.testng.reporters.JUnitReportReporter -->
<testsuite hostname="ZNL-PRDQ-156" failures="0" tests="2" name="day27_09.testngexa" time="24.370" errors="0" timestamp="2024-10-04T22:16:17 IST" skipped="0">
  <testcase classname="day27_09.testngexa" name="login" time="10.811"/>
  <system-out/>
  <testcase classname="day27_09.testngexa" name="logout" time="13.559"/>
  <system-out/>
</testsuite> <!-- day27_09.testngexa -->
