<?xml version="1.0" encoding="UTF-8"?>
<!-- Generated by org.testng.reporters.JUnitReportReporter -->
<testsuite hostname="ZNL-PRDQ-156" failures="0" tests="3" name="day01_10.Dataproviderclassexa" time="21.579" errors="0" timestamp="2024-10-03T17:53:05 IST" skipped="0">
  <testcase classname="day01_10.Dataproviderclassexa" name="loginpage" time="7.563"/>
  <system-out/>
  <testcase classname="day01_10.Dataproviderclassexa" name="loginpage" time="6.933"/>
  <system-out/>
  <testcase classname="day01_10.Dataproviderclassexa" name="loginpage" time="7.083"/>
  <system-out/>
</testsuite> <!-- day01_10.Dataproviderclassexa -->
