<?xml version="1.0" encoding="UTF-8"?>
<!-- Generated by org.testng.reporters.JUnitReportReporter -->
<testsuite hostname="ZNL-PRDQ-156" failures="0" tests="2" name="day01_10.crossbrowsersametime" time="27.401" errors="0" timestamp="2024-10-03T10:07:33 IST" skipped="0">
  <testcase classname="day01_10.crossbrowsersametime" name="veryfypage" time="15.999"/>
  <system-out/>
  <testcase classname="day01_10.crossbrowsersametime" name="veryfypage" time="11.402"/>
  <system-out/>
</testsuite> <!-- day01_10.crossbrowsersametime -->
