<?xml version="1.0" encoding="UTF-8"?>
<!-- Generated by org.testng.reporters.JUnitReportReporter -->
<testsuite hostname="ZNL-PRDQ-156" failures="0" tests="2" name="Excelr.Module3" time="32.983" errors="0" timestamp="2024-10-05T22:58:35 IST" skipped="0">
  <testcase classname="Excelr.Module3" name="loginpage" time="12.970"/>
  <system-out/>
  <testcase classname="Excelr.Module3" name="loginpage" time="20.013"/>
  <system-out/>
</testsuite> <!-- Excelr.Module3 -->
