<?xml version="1.0" encoding="UTF-8"?>
<!-- Generated by org.testng.reporters.JUnitReportReporter -->
<testsuite hostname="ZNL-PRDQ-156" failures="0" tests="3" name="Excelr.sample1" time="13.202" errors="0" timestamp="2024-09-27T22:17:32 IST" skipped="0">
  <testcase classname="Excelr.sample1" name="openweb" time="12.229"/>
  <system-out/>
  <testcase classname="Excelr.sample1" name="clicklogin" time="0.521"/>
  <system-out/>
  <testcase classname="Excelr.sample1" name="inputdata" time="0.452"/>
  <system-out/>
</testsuite> <!-- Excelr.sample1 -->
